activating the configuration...
setting up /etc...
reloading user units for archerr...
restarting sysinit-reactivation.target
reloading the following units: dbus.service
restarting the following units: polkit.service
h.drv
  /nix/store/44iwy5iv23h0ri8j4jha1nxgs64ds8rr-dbus-1.drv
  /nix/store/24smw7q3qcd95fmxjgy21p1lbvvjh7y1-X-Restart-Triggers-polkit.drv
  /nix/store/8bq0r8xx4rfwj7r5n566vh3315jz1cga-unit-polkit.service.drv
  /nix/store/5cqhv5adyzxi5afz5l8b3qs8ccn0vbkn-X-Restart-Triggers-dbus.drv
  /nix/store/s2kv8v9hncxfiyqirmbr0ncjrpyn0zzh-unit-dbus.service.drv
  /nix/store/ai28afpa1p28jm3ikvyfnr4gs41qjixk-system-units.drv
  /nix/store/jhbdifrb99yj9ixdpywvd9jwizvgwb9d-unit-dbus.service.drv
  /nix/store/in2gvh25vaxgfs52qdlkkblqbv4nflwf-user-units.drv
  /nix/store/02yf1hm60v4k8ixh2mq7ncffdfjbbczf-etc.drv
  /nix/store/n9d0hfra5wwww85207ah478g506nz9mh-nixos-system-zpctr-24.05.20240229.1536926.drv
this path will be fetched (0.52 MiB download, 1.49 MiB unpacked):
  /nix/store/041jrnjvygnx6xr51vnbzd1qjpwbq5qj-alejandra-3.0.0
copying path '/nix/store/041jrnjvygnx6xr51vnbzd1qjpwbq5qj-alejandra-3.0.0' from 'https://cache.nixos.org'...
building '/nix/store/wxh07dy9cnjy5q5sxikhmq4184qr43jq-system-path.drv'...
building '/nix/store/24smw7q3qcd95fmxjgy21p1lbvvjh7y1-X-Restart-Triggers-polkit.drv'...
building '/nix/store/44iwy5iv23h0ri8j4jha1nxgs64ds8rr-dbus-1.drv'...
building '/nix/store/8bq0r8xx4rfwj7r5n566vh3315jz1cga-unit-polkit.service.drv'...
building '/nix/store/5cqhv5adyzxi5afz5l8b3qs8ccn0vbkn-X-Restart-Triggers-dbus.drv'...
building '/nix/store/jhbdifrb99yj9ixdpywvd9jwizvgwb9d-unit-dbus.service.drv'...
building '/nix/store/s2kv8v9hncxfiyqirmbr0ncjrpyn0zzh-unit-dbus.service.drv'...
building '/nix/store/in2gvh25vaxgfs52qdlkkblqbv4nflwf-user-units.drv'...
building '/nix/store/ai28afpa1p28jm3ikvyfnr4gs41qjixk-system-units.drv'...
building '/nix/store/02yf1hm60v4k8ixh2mq7ncffdfjbbczf-etc.drv'...
building '/nix/store/n9d0hfra5wwww85207ah478g506nz9mh-nixos-system-zpctr-24.05.20240229.1536926.drv'...
